<?xml version="1.0" encoding="UTF-8"?>
<!-- Generated by org.testng.reporters.JUnitReportReporter -->
<testsuite hostname="LAPTOP-ASMGISDG" failures="0" tests="1" name="appium1.TC1" time="39.864" errors="0" timestamp="2023-01-25T20:45:44 GMT+03:00" skipped="0">
  <testcase classname="appium1.TC1" name="test1" time="39.864"/>
  <system-out/>
</testsuite> <!-- appium1.TC1 -->
